# JRE version: OpenJDK Runtime Environment (15.0.1+9) (build 15.0.1+9-18)
# Java VM: OpenJDK 64-Bit Server VM (15.0.1+9-18, mixed mode, tiered, compressed oops, g1 gc, linux-amd64)
GC Precious Log:
 CPUs: 8 total, 8 available
 Memory: 15970M
 Large Page Support: Disabled
 NUMA Support: Disabled
 Compressed Oops: Enabled (Zero based)
 Heap Region Size: 2M
 Heap Min Capacity: 8M
 Heap Initial Capacity: 250M
 Heap Max Capacity: 3994M
 Pre-touch: Disabled
 Parallel Workers: 8
 Concurrent Workers: 2
 Concurrent Refinement Workers: 8
 Periodic GC: Disabled
Heap:
 garbage-first heap   total 256000K, used 89622K [0x0000000706600000, 0x0000000800000000)
  region size 2048K, 43 young (88064K), 1 survivors (2048K)
 Metaspace       used 14086K, capacity 14266K, committed 14464K, reserved 1062912K
  class space    used 1334K, capacity 1404K, committed 1408K, reserved 1048576K
GC Heap History (20 events):
Event: 699.652 GC heap before
{Heap before GC invocations=2162 (full 0):
 garbage-first heap   total 256000K, used 157195K [0x0000000706600000, 0x0000000800000000)
  region size 2048K, 75 young (153600K), 1 survivors (2048K)
 Metaspace       used 14086K, capacity 14266K, committed 14464K, reserved 1062912K
  class space    used 1334K, capacity 1404K, committed 1408K, reserved 1048576K
}
Event: 699.653 GC heap after
{Heap after GC invocations=2163 (full 0):
 garbage-first heap   total 256000K, used 5639K [0x0000000706600000, 0x0000000800000000)
  region size 2048K, 1 young (2048K), 1 survivors (2048K)
 Metaspace       used 14086K, capacity 14266K, committed 14464K, reserved 1062912K
  class space    used 1334K, capacity 1404K, committed 1408K, reserved 1048576K
}
Event: 699.959 GC heap before
{Heap before GC invocations=2163 (full 0):
 garbage-first heap   total 256000K, used 157191K [0x0000000706600000, 0x0000000800000000)
  region size 2048K, 75 young (153600K), 1 survivors (2048K)
 Metaspace       used 14086K, capacity 14266K, committed 14464K, reserved 1062912K
  class space    used 1334K, capacity 1404K, committed 1408K, reserved 1048576K
}
Event: 699.960 GC heap after
{Heap after GC invocations=2164 (full 0):
 garbage-first heap   total 256000K, used 5643K [0x0000000706600000, 0x0000000800000000)
  region size 2048K, 1 young (2048K), 1 survivors (2048K)
 Metaspace       used 14086K, capacity 14266K, committed 14464K, reserved 1062912K
  class space    used 1334K, capacity 1404K, committed 1408K, reserved 1048576K
}
Event: 700.231 GC heap before
{Heap before GC invocations=2164 (full 0):
 garbage-first heap   total 256000K, used 157195K [0x0000000706600000, 0x0000000800000000)
  region size 2048K, 75 young (153600K), 1 survivors (2048K)
 Metaspace       used 14086K, capacity 14266K, committed 14464K, reserved 1062912K
  class space    used 1334K, capacity 1404K, committed 1408K, reserved 1048576K
}
Event: 700.232 GC heap after
{Heap after GC invocations=2165 (full 0):
 garbage-first heap   total 256000K, used 5645K [0x0000000706600000, 0x0000000800000000)
  region size 2048K, 1 young (2048K), 1 survivors (2048K)
 Metaspace       used 14086K, capacity 14266K, committed 14464K, reserved 1062912K
  class space    used 1334K, capacity 1404K, committed 1408K, reserved 1048576K
}
Event: 700.501 GC heap before
{Heap before GC invocations=2165 (full 0):
 garbage-first heap   total 256000K, used 157197K [0x0000000706600000, 0x0000000800000000)
  region size 2048K, 75 young (153600K), 1 survivors (2048K)
 Metaspace       used 14086K, capacity 14266K, committed 14464K, reserved 1062912K
  class space    used 1334K, capacity 1404K, committed 1408K, reserved 1048576K
}
Event: 700.502 GC heap after
{Heap after GC invocations=2166 (full 0):
 garbage-first heap   total 256000K, used 5645K [0x0000000706600000, 0x0000000800000000)
  region size 2048K, 1 young (2048K), 1 survivors (2048K)
 Metaspace       used 14086K, capacity 14266K, committed 14464K, reserved 1062912K
  class space    used 1334K, capacity 1404K, committed 1408K, reserved 1048576K
}
Event: 700.773 GC heap before
{Heap before GC invocations=2166 (full 0):
 garbage-first heap   total 256000K, used 157197K [0x0000000706600000, 0x0000000800000000)
  region size 2048K, 75 young (153600K), 1 survivors (2048K)
 Metaspace       used 14086K, capacity 14266K, committed 14464K, reserved 1062912K
  class space    used 1334K, capacity 1404K, committed 1408K, reserved 1048576K
}
Event: 700.775 GC heap after
{Heap after GC invocations=2167 (full 0):
 garbage-first heap   total 256000K, used 5652K [0x0000000706600000, 0x0000000800000000)
  region size 2048K, 1 young (2048K), 1 survivors (2048K)
 Metaspace       used 14086K, capacity 14266K, committed 14464K, reserved 1062912K
  class space    used 1334K, capacity 1404K, committed 1408K, reserved 1048576K
}
Event: 701.058 GC heap before
{Heap before GC invocations=2167 (full 0):
 garbage-first heap   total 256000K, used 157204K [0x0000000706600000, 0x0000000800000000)
  region size 2048K, 75 young (153600K), 1 survivors (2048K)
 Metaspace       used 14086K, capacity 14266K, committed 14464K, reserved 1062912K
  class space    used 1334K, capacity 1404K, committed 1408K, reserved 1048576K
}
Event: 701.060 GC heap after
{Heap after GC invocations=2168 (full 0):
 garbage-first heap   total 256000K, used 5646K [0x0000000706600000, 0x0000000800000000)
  region size 2048K, 1 young (2048K), 1 survivors (2048K)
 Metaspace       used 14086K, capacity 14266K, committed 14464K, reserved 1062912K
  class space    used 1334K, capacity 1404K, committed 1408K, reserved 1048576K
}
Event: 701.397 GC heap before
{Heap before GC invocations=2168 (full 0):
 garbage-first heap   total 256000K, used 157198K [0x0000000706600000, 0x0000000800000000)
  region size 2048K, 75 young (153600K), 1 survivors (2048K)
 Metaspace       used 14086K, capacity 14266K, committed 14464K, reserved 1062912K
  class space    used 1334K, capacity 1404K, committed 1408K, reserved 1048576K
}
Event: 701.398 GC heap after
{Heap after GC invocations=2169 (full 0):
 garbage-first heap   total 256000K, used 5651K [0x0000000706600000, 0x0000000800000000)
  region size 2048K, 1 young (2048K), 1 survivors (2048K)
 Metaspace       used 14086K, capacity 14266K, committed 14464K, reserved 1062912K
  class space    used 1334K, capacity 1404K, committed 1408K, reserved 1048576K
}
Event: 701.711 GC heap before
{Heap before GC invocations=2169 (full 0):
 garbage-first heap   total 256000K, used 157203K [0x0000000706600000, 0x0000000800000000)
  region size 2048K, 75 young (153600K), 1 survivors (2048K)
 Metaspace       used 14086K, capacity 14266K, committed 14464K, reserved 1062912K
  class space    used 1334K, capacity 1404K, committed 1408K, reserved 1048576K
}
Event: 701.713 GC heap after
{Heap after GC invocations=2170 (full 0):
 garbage-first heap   total 256000K, used 5655K [0x0000000706600000, 0x0000000800000000)
  region size 2048K, 1 young (2048K), 1 survivors (2048K)
 Metaspace       used 14086K, capacity 14266K, committed 14464K, reserved 1062912K
  class space    used 1334K, capacity 1404K, committed 1408K, reserved 1048576K
}
Event: 702.027 GC heap before
{Heap before GC invocations=2170 (full 0):
 garbage-first heap   total 256000K, used 157207K [0x0000000706600000, 0x0000000800000000)
  region size 2048K, 75 young (153600K), 1 survivors (2048K)
 Metaspace       used 14086K, capacity 14266K, committed 14464K, reserved 1062912K
  class space    used 1334K, capacity 1404K, committed 1408K, reserved 1048576K
}
Event: 702.028 GC heap after
{Heap after GC invocations=2171 (full 0):
 garbage-first heap   total 256000K, used 5654K [0x0000000706600000, 0x0000000800000000)
  region size 2048K, 1 young (2048K), 1 survivors (2048K)
 Metaspace       used 14086K, capacity 14266K, committed 14464K, reserved 1062912K
  class space    used 1334K, capacity 1404K, committed 1408K, reserved 1048576K
}
Event: 702.315 GC heap before
{Heap before GC invocations=2171 (full 0):
 garbage-first heap   total 256000K, used 157206K [0x0000000706600000, 0x0000000800000000)
  region size 2048K, 75 young (153600K), 1 survivors (2048K)
 Metaspace       used 14086K, capacity 14266K, committed 14464K, reserved 1062912K
  class space    used 1334K, capacity 1404K, committed 1408K, reserved 1048576K
}
Event: 702.316 GC heap after
{Heap after GC invocations=2172 (full 0):
 garbage-first heap   total 256000K, used 5654K [0x0000000706600000, 0x0000000800000000)
  region size 2048K, 1 young (2048K), 1 survivors (2048K)
 Metaspace       used 14086K, capacity 14266K, committed 14464K, reserved 1062912K
  class space    used 1334K, capacity 1404K, committed 1408K, reserved 1048576K
}

